[01:57:35] [modloading-worker-0/INFO] ========================================
[01:57:35] [modloading-worker-0/INFO] Minecraft: 1.20.1
[01:57:35] [modloading-worker-0/INFO] Side: server
[01:57:35] [modloading-worker-0/INFO] Development: false
[01:57:35] [modloading-worker-0/INFO] Version: 12.1.785
[01:57:35] [modloading-worker-0/INFO] Loader:
[01:57:35] [modloading-worker-0/INFO] - Forge: 47.3.7
[01:57:35] [modloading-worker-0/INFO] Dependencies:
[01:57:35] [modloading-worker-0/INFO] - Cloth Config: 11.1.136
[01:57:35] [modloading-worker-0/INFO] - Architectury: 9.2.14
[01:57:35] [modloading-worker-0/INFO] Mixin: 0.8.5
[01:57:35] [modloading-worker-0/INFO] OS: Linux 6.5.0-1025-azure (amd64)
[01:57:35] [modloading-worker-0/INFO] Java: 17.0.13 (Ubuntu)
[01:57:35] [modloading-worker-0/INFO] ========================================
[01:57:35] [modloading-worker-0/INFO] Mods:
[01:57:35] [modloading-worker-0/INFO] - alternate_current: 1.7.0
[01:57:35] [modloading-worker-0/INFO] - another_furniture: 1.20.1-3.0.1
[01:57:35] [modloading-worker-0/INFO] - appleskin: 2.5.1+mc1.20.1
[01:57:35] [modloading-worker-0/INFO] - aquaculture: 2.5.3
[01:57:35] [modloading-worker-0/INFO] - aquamirae: 6.API15
[01:57:35] [modloading-worker-0/INFO] - architectury: 9.2.14
[01:57:35] [modloading-worker-0/INFO] - arkane_domains: 1.0.0
[01:57:35] [modloading-worker-0/INFO] - ars_creo: 4.1.0
[01:57:35] [modloading-worker-0/INFO] - ars_elemental: 0.6.7.7
[01:57:35] [modloading-worker-0/INFO] - ars_nouveau: 4.12.6
[01:57:35] [modloading-worker-0/INFO] - arthys_rpg_arms: 2.1.5
[01:57:35] [modloading-worker-0/INFO] - artifacts: 9.5.13
[01:57:35] [modloading-worker-0/INFO] - astikorcarts: 1.1.8
[01:57:35] [modloading-worker-0/INFO] - athena: 3.1.1
[01:57:35] [modloading-worker-0/INFO] - ati_structures: 1.1.0
[01:57:35] [modloading-worker-0/INFO] - attributefix: 21.0.4
[01:57:35] [modloading-worker-0/INFO] - balm: 7.3.11
[01:57:35] [modloading-worker-0/INFO] - beautify: 2.0.2
[01:57:35] [modloading-worker-0/INFO] - beefix: 1.0.7
[01:57:35] [modloading-worker-0/INFO] - bellsandwhistles: 0.4.3-1.20.x
[01:57:35] [modloading-worker-0/INFO] - bettervillage: 3.1.0
[01:57:35] [modloading-worker-0/INFO] - biomesoplenty: 19.0.0.94
[01:57:35] [modloading-worker-0/INFO] - bloomingnature: 1.0.10
[01:57:35] [modloading-worker-0/INFO] - blue_skies: 1.3.31
[01:57:35] [modloading-worker-0/INFO] - bookshelf: 20.2.13
[01:57:35] [modloading-worker-0/INFO] - bosses_of_mass_destruction: 1.1.2
[01:57:35] [modloading-worker-0/INFO] - bossominium: 18.5
[01:57:35] [modloading-worker-0/INFO] - botanypots: 13.0.35
[01:57:35] [modloading-worker-0/INFO] - botanypotstiers: 6.0.1
[01:57:35] [modloading-worker-0/INFO] - botanytrees: 9.0.11
[01:57:35] [modloading-worker-0/INFO] - butchersdelight: 1.20.12.1.0
[01:57:35] [modloading-worker-0/INFO] - butchersdelightfoods: 1.20.11.0.3
[01:57:35] [modloading-worker-0/INFO] - caelus: 3.2.0+1.20.1
[01:57:35] [modloading-worker-0/INFO] - carryon: 2.1.2.7
[01:57:35] [modloading-worker-0/INFO] - cataclysm: 2.38
[01:57:35] [modloading-worker-0/INFO] - cerbons_api: 1.1.0
[01:57:35] [modloading-worker-0/INFO] - cfm: 7.0.0-pre36
[01:57:35] [modloading-worker-0/INFO] - chiselsandbits: 1.4.148
[01:57:35] [modloading-worker-0/INFO] - chococraft: 0.9.11
[01:57:35] [modloading-worker-0/INFO] - citadel: 2.6.1
[01:57:35] [modloading-worker-0/INFO] - cloth_config: 11.1.136
[01:57:35] [modloading-worker-0/INFO] - clumps: 12.0.0.4
[01:57:35] [modloading-worker-0/INFO] - collective: 7.87
[01:57:35] [modloading-worker-0/INFO] - combatroll: 1.3.3+1.20.1
[01:57:35] [modloading-worker-0/INFO] - comforts: 6.4.0+1.20.1
[01:57:35] [modloading-worker-0/INFO] - connectivity: 1.20.1-6.5
[01:57:35] [modloading-worker-0/INFO] - cosmeticarmorreworked: 1.20.1-v1a
[01:57:35] [modloading-worker-0/INFO] - cozy_home: 3.0.3.2
[01:57:35] [modloading-worker-0/INFO] - cpm: 0.6.19b
[01:57:35] [modloading-worker-0/INFO] - craftingtweaks: 18.2.5
[01:57:35] [modloading-worker-0/INFO] - create: 0.5.1.f
[01:57:35] [modloading-worker-0/INFO] - create_sa: 2.0.4.
[01:57:35] [modloading-worker-0/INFO] - createaddition: 1.20.1-1.2.4c
[01:57:35] [modloading-worker-0/INFO] - creativecore: 2.12.28
[01:57:35] [modloading-worker-0/INFO] - cupboard: 1.20.1-2.7
[01:57:35] [modloading-worker-0/INFO] - curios: 5.11.1+1.20.1
[01:57:35] [modloading-worker-0/INFO] - deeperdarker: 1.3.3
[01:57:35] [modloading-worker-0/INFO] - despawn_tweaker: 1.20.1-1.0.0
[01:57:35] [modloading-worker-0/INFO] - doapi: 1.2.15
[01:57:35] [modloading-worker-0/INFO] - doespotatotick: 1.20.1-4.0.2
[01:57:35] [modloading-worker-0/INFO] - dracolotl: 0.1-1.20.1
[01:57:35] [modloading-worker-0/INFO] - dungeoncrawl: 2.3.15
[01:57:35] [modloading-worker-0/INFO] - dungeons_arise: 2.1.58-1.20.x
[01:57:35] [modloading-worker-0/INFO] - dungeons_arise_seven_seas: 1.0.2
[01:57:35] [modloading-worker-0/INFO] - dynamiclights: 1.20.1.2
[01:57:35] [modloading-worker-0/INFO] - easy_piglins: 1.20.1-1.0.13
[01:57:35] [modloading-worker-0/INFO] - easyanvils: 8.0.2
[01:57:35] [modloading-worker-0/INFO] - easymagic: 8.0.1
[01:57:35] [modloading-worker-0/INFO] - easypaxellite: 1.20.1-1.0.3
[01:57:35] [modloading-worker-0/INFO] - ecologics: 2.2.0
[01:57:35] [modloading-worker-0/INFO] - elevatorid: 1.20.1-lex-1.9
[01:57:35] [modloading-worker-0/INFO] - elysium_api: 1.0.2
[01:57:35] [modloading-worker-0/INFO] - emi: 1.1.19+1.20.1+forge
[01:57:35] [modloading-worker-0/INFO] - expandability: 9.0.4
[01:57:35] [modloading-worker-0/INFO] - exposure: 1.7.7
[01:57:35] [modloading-worker-0/INFO] - farmersdelight: 1.20.1-1.2.6
[01:57:35] [modloading-worker-0/INFO] - fastasyncworldsave: 1.20.1-2.3
[01:57:35] [modloading-worker-0/INFO] - fastsuite: 5.0.1
[01:57:35] [modloading-worker-0/INFO] - ferritecore: 6.0.1
[01:57:35] [modloading-worker-0/INFO] - final_samurai: 1.0.0
[01:57:35] [modloading-worker-0/INFO] - flywheel: 0.6.10-7
[01:57:35] [modloading-worker-0/INFO] - forge: 47.3.7
[01:57:35] [modloading-worker-0/INFO] - framework: 0.7.12
[01:57:35] [modloading-worker-0/INFO] - geckolib: 4.7
[01:57:35] [modloading-worker-0/INFO] - glitchcore: 0.0.1.1
[01:57:35] [modloading-worker-0/INFO] - goblintraders: 1.9.3
[01:57:35] [modloading-worker-0/INFO] - hexerei: 1.20.1-0.4.2.2
[01:57:35] [modloading-worker-0/INFO] - iceandfire: 2.1.13-1.20.1
[01:57:35] [modloading-worker-0/INFO] - immersive_aircraft: 1.1.8+1.20.1
[01:57:35] [modloading-worker-0/INFO] - immersive_armors: 1.6.1+1.20.1
[01:57:35] [modloading-worker-0/INFO] - incendium: 5.3.5
[01:57:35] [modloading-worker-0/INFO] - ironchest: 1.20.1-14.4.4
[01:57:35] [modloading-worker-0/INFO] - irons_spellbooks: 1.20.1-3.4.0.7
[01:57:35] [modloading-worker-0/INFO] - jade: 11.12.2+forge
[01:57:35] [modloading-worker-0/INFO] - jei: 15.20.0.105
[01:57:35] [modloading-worker-0/INFO] - journeymap: 5.10.3
[01:57:35] [modloading-worker-0/INFO] - justhammers: 2.0.3+mc1.20.1
[01:57:35] [modloading-worker-0/INFO] - kotlinforforge: 4.11.0
[01:57:35] [modloading-worker-0/INFO] - ksyxis: 1.3.2
[01:57:35] [modloading-worker-0/INFO] - kuma_api: 20.1.9-SNAPSHOT
[01:57:35] [modloading-worker-0/INFO] - legendary_monsters: 1.20.1
[01:57:35] [modloading-worker-0/INFO] - libraryferret: 4.0.0
[01:57:35] [modloading-worker-0/INFO] - limitedchunks: 1.8
[01:57:35] [modloading-worker-0/INFO] - lionfishapi: 2.4-Fix
[01:57:35] [modloading-worker-0/INFO] - logprot: 1.4
[01:57:35] [modloading-worker-0/INFO] - lootr: 0.7.35.90
[01:57:35] [modloading-worker-0/INFO] - luphieclutteredmod: 2.1
[01:57:35] [modloading-worker-0/INFO] - mavapi: 1.1.4
[01:57:35] [modloading-worker-0/INFO] - mavm: 1.2.6
[01:57:35] [modloading-worker-0/INFO] - mcef: 2.1.6-1.20.1
[01:57:35] [modloading-worker-0/INFO] - mcwdoors: 1.1.1
[01:57:35] [modloading-worker-0/INFO] - mcwfences: 1.1.2
[01:57:35] [modloading-worker-0/INFO] - mcwlights: 1.1.0
[01:57:35] [modloading-worker-0/INFO] - mcwwindows: 2.2.1
[01:57:35] [modloading-worker-0/INFO] - mes: 1.3.4-1.20-forge
[01:57:35] [modloading-worker-0/INFO] - minecraft: 1.20.1
[01:57:35] [modloading-worker-0/INFO] - mixinextras: 0.4.1
[01:57:35] [modloading-worker-0/INFO] - mns: 1.0.3-1.20-forge
[01:57:35] [modloading-worker-0/INFO] - moblassos: 8.0.1
[01:57:35] [modloading-worker-0/INFO] - modernfix: 5.20.0+mc1.20.1
[01:57:35] [modloading-worker-0/INFO] - mofus_better_end_: 1.0.0
[01:57:35] [modloading-worker-0/INFO] - mokels_bossfight_saphyra: 2.0.2
[01:57:35] [modloading-worker-0/INFO] - moonlight: 1.20-2.13.49
[01:57:35] [modloading-worker-0/INFO] - morebows: 1.0.13
[01:57:35] [modloading-worker-0/INFO] - mousetweaks: 2.25.1
[01:57:35] [modloading-worker-0/INFO] - mowziesmobs: 1.6.4
[01:57:35] [modloading-worker-0/INFO] - mss: 1.2.7-1.20-forge
[01:57:35] [modloading-worker-0/INFO] - mvs: 4.1.4-1.20-forge
[01:57:35] [modloading-worker-0/INFO] - mysticaloaktree: 1.20-1.11
[01:57:35] [modloading-worker-0/INFO] - mythicmounts: 20.1-7.4.2-forge
[01:57:35] [modloading-worker-0/INFO] - nerb: 0.4.1
[01:57:35] [modloading-worker-0/INFO] - netherexp: 2.2.1
[01:57:35] [modloading-worker-0/INFO] - netherite_horse_armor: 1.20.1-1.0.4
[01:57:35] [modloading-worker-0/INFO] - ng: 1.0.0
[01:57:35] [modloading-worker-0/INFO] - noisium: 2.3.0+mc1.20-1.20.1
[01:57:35] [modloading-worker-0/INFO] - obscure_api: 15
[01:57:35] [modloading-worker-0/INFO] - octolib: 0.4.2
[01:57:35] [modloading-worker-0/INFO] - paraglider: 20.1.3
[01:57:35] [modloading-worker-0/INFO] - patchouli: 1.20.1-84-FORGE
[01:57:35] [modloading-worker-0/INFO] - placebo: 8.6.2
[01:57:35] [modloading-worker-0/INFO] - player_companions: 6.11.0
[01:57:35] [modloading-worker-0/INFO] - playeranimator: 1.0.2-rc1+1.20
[01:57:35] [modloading-worker-0/INFO] - playerrevive: 2.0.31
[01:57:35] [modloading-worker-0/INFO] - plushies: 1.4.0
[01:57:35] [modloading-worker-0/INFO] - polymorph: 0.49.8+1.20.1
[01:57:35] [modloading-worker-0/INFO] - projectile_damage: 3.2.2+1.20.1
[01:57:35] [modloading-worker-0/INFO] - puzzlesaccessapi: 8.0.7
[01:57:35] [modloading-worker-0/INFO] - puzzleslib: 8.1.25
[01:57:35] [modloading-worker-0/INFO] - quark: 4.0-460
[01:57:35] [modloading-worker-0/INFO] - queen_bee: 3.1.4
[01:57:35] [modloading-worker-0/INFO] - radium: 0.12.4+git.26c9d8e
[01:57:35] [modloading-worker-0/INFO] - railways: 1.6.4+forge-mc1.20.1
[01:57:35] [modloading-worker-0/INFO] - regions_unexplored: 0.5.6
[01:57:35] [modloading-worker-0/INFO] - resourcefullib: 2.1.29
[01:57:35] [modloading-worker-0/INFO] - ribbits: 1.20.1-Forge-3.0.2
[01:57:35] [modloading-worker-0/INFO] - roughlyenoughitems: 12.1.785
[01:57:35] [modloading-worker-0/INFO] - scena: 1.0.103
[01:57:35] [modloading-worker-0/INFO] - securitycraft: 1.9.12
[01:57:35] [modloading-worker-0/INFO] - sereneseasons: 9.0.0.46
[01:57:35] [modloading-worker-0/INFO] - shulkerboxtooltip: 4.0.4+1.20.1
[01:57:35] [modloading-worker-0/INFO] - skyvillages: 1.0.4
[01:57:35] [modloading-worker-0/INFO] - sleepy_hollows: 1.0.2
[01:57:35] [modloading-worker-0/INFO] - sliceanddice: 3.2.1
[01:57:35] [modloading-worker-0/INFO] - smoothchunk: 1.20.1-3.9
[01:57:35] [modloading-worker-0/INFO] - sophisticatedbackpacks: 3.22.1.1167
[01:57:35] [modloading-worker-0/INFO] - sophisticatedcore: 1.1.3.835
[01:57:35] [modloading-worker-0/INFO] - soulsweapons: 1.1.5-1.20.1-forge}
[01:57:35] [modloading-worker-0/INFO] - spectrelib: 0.13.17+1.20.1
[01:57:35] [modloading-worker-0/INFO] - stalwart_dungeons: 1.2.8
[01:57:35] [modloading-worker-0/INFO] - starlight: 1.1.2+forge.1cda73c
[01:57:35] [modloading-worker-0/INFO] - structure_gel: 2.16.2
[01:57:35] [modloading-worker-0/INFO] - takesapillage: 1.0.3
[01:57:35] [modloading-worker-0/INFO] - tameablebeasts: 6.2
[01:57:35] [modloading-worker-0/INFO] - terrablender: 3.0.1.7
[01:57:35] [modloading-worker-0/INFO] - terraform: 7.0.1
[01:57:35] [modloading-worker-0/INFO] - terralith: 2.5.4
[01:57:35] [modloading-worker-0/INFO] - terramity: 0.9.8
[01:57:35] [modloading-worker-0/INFO] - the_bumblezone: 7.5.9+1.20.1-forge
[01:57:35] [modloading-worker-0/INFO] - tmg: 1.3
[01:57:35] [modloading-worker-0/INFO] - tombstone: 8.9.0
[01:57:35] [modloading-worker-0/INFO] - toms_storage: 1.6.9
[01:57:35] [modloading-worker-0/INFO] - toofast: 0.4.3.5
[01:57:35] [modloading-worker-0/INFO] - toolbelt: 1.20.01
[01:57:35] [modloading-worker-0/INFO] - treechop: 0.18.8
[01:57:35] [modloading-worker-0/INFO] - twilightforest: 4.3.2508
[01:57:35] [modloading-worker-0/INFO] - ultris_mr: 5.6.9c
[01:57:35] [modloading-worker-0/INFO] - unearthed_journey: 2.0.1
[01:57:35] [modloading-worker-0/INFO] - villagernames: 8.1
[01:57:35] [modloading-worker-0/INFO] - vinery: 1.4.36
[01:57:35] [modloading-worker-0/INFO] - waystones: 14.1.6
[01:57:35] [modloading-worker-0/INFO] - webdisplays: 2.0.1-1.20.1
[01:57:35] [modloading-worker-0/INFO] - world: 0.0.4
[01:57:35] [modloading-worker-0/INFO] - yet_another_config_lib_v3: 3.6.2+1.20.1-forge
[01:57:35] [modloading-worker-0/INFO] - yungsapi: 1.20-Forge-4.0.6
[01:57:35] [modloading-worker-0/INFO] - zeta: 1.0-24
[01:57:35] [modloading-worker-0/INFO] ========================================
[01:57:35] [modloading-worker-0/INFO] [REI] Registered plugin provider DefaultPluginImpl [roughlyenoughitems] for REIServerPlugin
[01:57:35] [modloading-worker-0/INFO] [REI] Registered plugin provider DefaultPluginImpl [roughlyenoughitems] for REIPlugin
[01:57:35] [modloading-worker-0/INFO] [REI] Registered plugin provider DefaultRuntimePlugin [roughlyenoughitems] for REIServerPlugin
[01:57:35] [modloading-worker-0/INFO] [REI] Registered plugin provider DefaultRuntimePlugin [roughlyenoughitems] for REIPlugin
[01:57:54] [Worker-Main-1/DEBUG] [REI] Processed 0 tags in 68.66 μs for minecraft:worldgen/structure_set
[01:57:54] [Worker-Main-3/DEBUG] [REI] Processed 0 tags in 25.77 μs for minecraft:damage_type
[01:57:54] [Worker-Main-2/DEBUG] [REI] Processed 0 tags in 54.34 μs for minecraft:worldgen/structure
[01:57:54] [Worker-Main-1/DEBUG] [REI] Processed 33 tags in 1.257 ms for minecraft:fluid
[01:57:54] [Worker-Main-1/DEBUG] [REI] Processed 0 tags in 10.44 μs for minecraft:worldgen/world_preset
[01:57:54] [Worker-Main-2/DEBUG] [REI] Processed 2 tags in 65.49 μs for minecraft:block_entity_type
[01:57:54] [Worker-Main-2/DEBUG] [REI] Processed 228 tags in 1.298 ms for minecraft:entity_type
[01:57:54] [Worker-Main-2/DEBUG] [REI] Processed 43 tags in 210.7 μs for minecraft:banner_pattern
[01:57:54] [Worker-Main-2/DEBUG] [REI] Processed 2 tags in 61.08 μs for minecraft:painting_variant
[01:57:54] [Worker-Main-2/DEBUG] [REI] Processed 7 tags in 153.3 μs for minecraft:game_event
[01:57:54] [Worker-Main-1/DEBUG] [REI] Processed 1010 tags in 18.60 ms for minecraft:block
[01:57:54] [Worker-Main-1/DEBUG] [REI] Processed 0 tags in 9.217 μs for twilight:wood_palettes
[01:57:54] [Worker-Main-2/DEBUG] [REI] Processed 0 tags in 7.103 μs for minecraft:worldgen/flat_level_generator_preset
[01:57:54] [Worker-Main-2/DEBUG] [REI] Processed 1 tags in 27.07 μs for minecraft:sound_event
[01:57:54] [Worker-Main-1/DEBUG] [REI] Processed 3 tags in 19.81 μs for minecraft:enchantment
[01:57:54] [Worker-Main-2/DEBUG] [REI] Processed 5 tags in 24.13 μs for minecraft:instrument
[01:57:54] [Worker-Main-3/DEBUG] [REI] Processed 1366 tags in 10.90 ms for minecraft:item
[01:57:54] [Worker-Main-1/DEBUG] [REI] Processed 0 tags in 4.759 μs for minecraft:dimension_type
[01:57:54] [Worker-Main-3/DEBUG] [REI] Processed 4 tags in 98.27 μs for minecraft:point_of_interest_type
[01:57:54] [Worker-Main-1/DEBUG] [REI] Processed 0 tags in 10.65 μs for minecraft:worldgen/placed_feature
[01:57:54] [Worker-Main-2/DEBUG] [REI] Processed 2 tags in 62.03 μs for minecraft:cat_variant
[01:57:54] [Worker-Main-3/DEBUG] [REI] Processed 0 tags in 155.4 μs for minecraft:worldgen/biome
[01:57:54] [Worker-Main-3/DEBUG] [REI] Processed 1 tags in 14.38 μs for minecraft:recipe_serializer
[01:57:55] [Worker-Main-3/DEBUG] [REI] Processed 15 tags in 70.26 μs for minecraft:mob_effect
[01:57:58] [main/DEBUG] [REI] Starting Reload Plugins of stage null
java.lang.Throwable
	at TRANSFORMER/roughlyenoughitems@12.1.785/me.shedaniel.rei.impl.common.plugins.ReloadManagerImpl.reloadPlugins(ReloadManagerImpl.java:110)
	at TRANSFORMER/roughlyenoughitems@12.1.785/me.shedaniel.rei.RoughlyEnoughItemsCore.lambda$onInitialize$5(RoughlyEnoughItemsCore.java:163)
	at java.base/java.util.concurrent.CompletableFuture$UniRun.tryFire(CompletableFuture.java:787)
	at java.base/java.util.concurrent.CompletableFuture$Completion.run(CompletableFuture.java:482)
	at TRANSFORMER/minecraft@1.20.1/net.minecraft.server.packs.resources.SimpleReloadInstance.m_143940_(SimpleReloadInstance.java:69)
	at TRANSFORMER/minecraft@1.20.1/net.minecraft.Util.m_214652_(Util.java:783)
	at TRANSFORMER/minecraft@1.20.1/net.minecraft.Util.m_214679_(Util.java:772)
	at TRANSFORMER/minecraft@1.20.1/net.minecraft.server.Main.main(Main.java:166)
	at java.base/jdk.internal.reflect.NativeMethodAccessorImpl.invoke0(Native Method)
	at java.base/jdk.internal.reflect.NativeMethodAccessorImpl.invoke(NativeMethodAccessorImpl.java:77)
	at java.base/jdk.internal.reflect.DelegatingMethodAccessorImpl.invoke(DelegatingMethodAccessorImpl.java:43)
	at java.base/java.lang.reflect.Method.invoke(Method.java:569)
	at MC-BOOTSTRAP/fmlloader@1.20.1-47.3.7/net.minecraftforge.fml.loading.targets.CommonLaunchHandler.runTarget(CommonLaunchHandler.java:111)
	at MC-BOOTSTRAP/fmlloader@1.20.1-47.3.7/net.minecraftforge.fml.loading.targets.CommonLaunchHandler.serverService(CommonLaunchHandler.java:103)
	at MC-BOOTSTRAP/fmlloader@1.20.1-47.3.7/net.minecraftforge.fml.loading.targets.CommonServerLaunchHandler.lambda$makeService$0(CommonServerLaunchHandler.java:27)
	at MC-BOOTSTRAP/cpw.mods.modlauncher@10.0.9/cpw.mods.modlauncher.LaunchServiceHandlerDecorator.launch(LaunchServiceHandlerDecorator.java:30)
	at MC-BOOTSTRAP/cpw.mods.modlauncher@10.0.9/cpw.mods.modlauncher.LaunchServiceHandler.launch(LaunchServiceHandler.java:53)
	at MC-BOOTSTRAP/cpw.mods.modlauncher@10.0.9/cpw.mods.modlauncher.LaunchServiceHandler.launch(LaunchServiceHandler.java:71)
	at MC-BOOTSTRAP/cpw.mods.modlauncher@10.0.9/cpw.mods.modlauncher.Launcher.run(Launcher.java:108)
	at MC-BOOTSTRAP/cpw.mods.modlauncher@10.0.9/cpw.mods.modlauncher.Launcher.main(Launcher.java:78)
	at MC-BOOTSTRAP/cpw.mods.modlauncher@10.0.9/cpw.mods.modlauncher.BootstrapLaunchConsumer.accept(BootstrapLaunchConsumer.java:26)
	at MC-BOOTSTRAP/cpw.mods.modlauncher@10.0.9/cpw.mods.modlauncher.BootstrapLaunchConsumer.accept(BootstrapLaunchConsumer.java:23)
	at cpw.mods.bootstraplauncher@1.1.2/cpw.mods.bootstraplauncher.BootstrapLauncher.main(BootstrapLauncher.java:141)
[01:57:58] [main/DEBUG] [REI] ========================================
[01:57:58] [main/DEBUG] [REI] REIPlugin starting pre-reload for START.
[01:57:58] [main/DEBUG] [REI] Reloadables (7):
[01:57:58] [main/DEBUG] [REI]  - EntryTypeRegistryImpl
[01:57:58] [main/DEBUG] [REI]  - EntrySettingsAdapterRegistryImpl
[01:57:58] [main/DEBUG] [REI]  - RecipeManagerContextImpl
[01:57:58] [main/DEBUG] [REI]  - ItemComparatorRegistryImpl
[01:57:58] [main/DEBUG] [REI]  - FluidComparatorRegistryImpl
[01:57:58] [main/DEBUG] [REI]  - DisplaySerializerRegistryImpl
[01:57:58] [main/DEBUG] [REI]  - FluidSupportProviderImpl
[01:57:58] [main/DEBUG] [REI] Plugins (2):
[01:57:58] [main/DEBUG] [REI]  - (-100.00) DefaultPluginImpl of DefaultPluginImpl [roughlyenoughitems]
[01:57:58] [main/DEBUG] [REI]  - (0.00) DefaultRuntimePlugin of DefaultRuntimePlugin [roughlyenoughitems]
[01:57:58] [main/DEBUG] [REI] ========================================
[01:57:58] [main/TRACE] [REI] [REIPlugin START] Reloading Section: "pre-register/"
[01:57:58] [main/TRACE] [REI] [REIPlugin START] Reloading Section: "pre-register/DefaultPluginImpl of DefaultPluginImpl [roughlyenoughitems]/"
[01:57:58] [main/TRACE] [REI] [REIPlugin START] Reloading Section: "pre-register/DefaultPluginImpl of DefaultPluginImpl [roughlyenoughitems]/" done in 926.6 μs
[01:57:58] [main/TRACE] [REI] [REIPlugin START] Reloading Section: "pre-register/DefaultRuntimePlugin of DefaultRuntimePlugin [roughlyenoughitems]/"
[01:57:58] [main/TRACE] [REI] [REIPlugin START] Reloading Section: "pre-register/DefaultRuntimePlugin of DefaultRuntimePlugin [roughlyenoughitems]/" done in 61.49 μs
[01:57:58] [main/TRACE] [REI] [REIPlugin START] Reloading Section: "pre-register/" done in 13.25 ms
[01:57:58] [main/TRACE] [REI] [REIPlugin START] Reloading Section: "pre-stage/"
[01:57:58] [main/TRACE] [REI] [REIPlugin START] Reloading Section: "pre-stage/EntryTypeRegistryImpl/"
[01:57:58] [main/TRACE] [REI] [REIPlugin START] Reloading Section: "pre-stage/EntryTypeRegistryImpl/" done in 266.3 μs
[01:57:58] [main/TRACE] [REI] [REIPlugin START] Reloading Section: "pre-stage/EntrySettingsAdapterRegistryImpl/"
[01:57:58] [main/TRACE] [REI] [REIPlugin START] Reloading Section: "pre-stage/EntrySettingsAdapterRegistryImpl/" done in 43.92 μs
[01:57:58] [main/TRACE] [REI] [REIPlugin START] Reloading Section: "pre-stage/RecipeManagerContextImpl/"
[01:57:58] [main/TRACE] [REI] [REIPlugin START] Reloading Section: "pre-stage/RecipeManagerContextImpl/" done in 40.11 μs
[01:57:58] [main/TRACE] [REI] [REIPlugin START] Reloading Section: "pre-stage/ItemComparatorRegistryImpl/"
[01:57:58] [main/TRACE] [REI] [REIPlugin START] Reloading Section: "pre-stage/ItemComparatorRegistryImpl/" done in 38.88 μs
[01:57:58] [main/TRACE] [REI] [REIPlugin START] Reloading Section: "pre-stage/FluidComparatorRegistryImpl/"
[01:57:58] [main/TRACE] [REI] [REIPlugin START] Reloading Section: "pre-stage/FluidComparatorRegistryImpl/" done in 39.69 μs
[01:57:58] [main/TRACE] [REI] [REIPlugin START] Reloading Section: "pre-stage/DisplaySerializerRegistryImpl/"
[01:57:58] [main/TRACE] [REI] [REIPlugin START] Reloading Section: "pre-stage/DisplaySerializerRegistryImpl/" done in 38.23 μs
[01:57:58] [main/TRACE] [REI] [REIPlugin START] Reloading Section: "pre-stage/FluidSupportProviderImpl/"
[01:57:58] [main/TRACE] [REI] [REIPlugin START] Reloading Section: "pre-stage/FluidSupportProviderImpl/" done in 44.81 μs
[01:57:58] [main/TRACE] [REI] [REIPlugin START] Reloading Section: "pre-stage/" done in 1.120 ms
[01:57:58] [main/DEBUG] [REI] ========================================
[01:57:58] [main/DEBUG] [REI] REIPlugin finished pre-reload for START in 14.92 ms.
[01:57:58] [main/DEBUG] [REI] ========================================
[01:57:58] [main/DEBUG] [REI] ========================================
[01:57:58] [main/DEBUG] [REI] REIServerPlugin starting pre-reload for START.
[01:57:58] [main/DEBUG] [REI] Reloadables (2):
[01:57:58] [main/DEBUG] [REI]  - MenuInfoRegistryImpl
[01:57:58] [main/DEBUG] [REI]  - SlotAccessorRegistryImpl
[01:57:58] [main/DEBUG] [REI] Plugins (2):
[01:57:58] [main/DEBUG] [REI]  - (-100.00) DefaultPluginImpl of DefaultPluginImpl [roughlyenoughitems]
[01:57:58] [main/DEBUG] [REI]  - (0.00) DefaultRuntimePlugin of DefaultRuntimePlugin [roughlyenoughitems]
[01:57:58] [main/DEBUG] [REI] ========================================
[01:57:58] [main/TRACE] [REI] [REIServerPlugin START] Reloading Section: "pre-register/"
[01:57:58] [main/TRACE] [REI] [REIServerPlugin START] Reloading Section: "pre-register/DefaultPluginImpl of DefaultPluginImpl [roughlyenoughitems]/"
[01:57:58] [main/TRACE] [REI] [REIServerPlugin START] Reloading Section: "pre-register/DefaultPluginImpl of DefaultPluginImpl [roughlyenoughitems]/" done in 45.10 μs
[01:57:58] [main/TRACE] [REI] [REIServerPlugin START] Reloading Section: "pre-register/DefaultRuntimePlugin of DefaultRuntimePlugin [roughlyenoughitems]/"
[01:57:58] [main/TRACE] [REI] [REIServerPlugin START] Reloading Section: "pre-register/DefaultRuntimePlugin of DefaultRuntimePlugin [roughlyenoughitems]/" done in 45.40 μs
[01:57:58] [main/TRACE] [REI] [REIServerPlugin START] Reloading Section: "pre-register/" done in 295.9 μs
[01:57:58] [main/TRACE] [REI] [REIServerPlugin START] Reloading Section: "pre-stage/"
[01:57:58] [main/TRACE] [REI] [REIServerPlugin START] Reloading Section: "pre-stage/MenuInfoRegistryImpl/"
[01:57:58] [main/TRACE] [REI] [REIServerPlugin START] Reloading Section: "pre-stage/MenuInfoRegistryImpl/" done in 38.86 μs
[01:57:58] [main/TRACE] [REI] [REIServerPlugin START] Reloading Section: "pre-stage/SlotAccessorRegistryImpl/"
[01:57:58] [main/TRACE] [REI] [REIServerPlugin START] Reloading Section: "pre-stage/SlotAccessorRegistryImpl/" done in 43.26 μs
[01:57:58] [main/TRACE] [REI] [REIServerPlugin START] Reloading Section: "pre-stage/" done in 273.2 μs
[01:57:58] [main/DEBUG] [REI] ========================================
[01:57:58] [main/DEBUG] [REI] REIServerPlugin finished pre-reload for START in 714.4 μs.
[01:57:58] [main/DEBUG] [REI] ========================================
[01:57:58] [main/INFO] [REI] ########################################
[01:57:58] [main/INFO] [REI] REIPlugin starting main-reload for START.
[01:57:58] [main/DEBUG] [REI] Reloadables (7):
[01:57:58] [main/DEBUG] [REI]  - EntryTypeRegistryImpl
[01:57:58] [main/DEBUG] [REI]  - EntrySettingsAdapterRegistryImpl
[01:57:58] [main/DEBUG] [REI]  - RecipeManagerContextImpl
[01:57:58] [main/DEBUG] [REI]  - ItemComparatorRegistryImpl
[01:57:58] [main/DEBUG] [REI]  - FluidComparatorRegistryImpl
[01:57:58] [main/DEBUG] [REI]  - DisplaySerializerRegistryImpl
[01:57:58] [main/DEBUG] [REI]  - FluidSupportProviderImpl
[01:57:58] [main/INFO] [REI] Plugins (2):
[01:57:58] [main/INFO] [REI]  - (-100.00) DefaultPluginImpl of DefaultPluginImpl [roughlyenoughitems]
[01:57:58] [main/INFO] [REI]  - (0.00) DefaultRuntimePlugin of DefaultRuntimePlugin [roughlyenoughitems]
[01:57:58] [main/INFO] [REI] ########################################
[01:57:58] [main/TRACE] [REI] [REIPlugin START] Reloading Section: "start-reload/"
[01:57:58] [main/TRACE] [REI] [REIPlugin START] Reloading Section: "start-reload/EntryTypeRegistryImpl/"
[01:57:58] [main/TRACE] [REI] [REIPlugin START] Reloading Section: "start-reload/EntryTypeRegistryImpl/" done in 84.67 μs
[01:57:58] [main/TRACE] [REI] [REIPlugin START] Reloading Section: "start-reload/EntrySettingsAdapterRegistryImpl/"
[01:57:58] [main/TRACE] [REI] [REIPlugin START] Reloading Section: "start-reload/EntrySettingsAdapterRegistryImpl/" done in 46.17 μs
[01:57:58] [main/TRACE] [REI] [REIPlugin START] Reloading Section: "start-reload/RecipeManagerContextImpl/"
[01:57:58] [main/TRACE] [REI] [REIPlugin START] Reloading Section: "start-reload/RecipeManagerContextImpl/" done in 45.45 μs
[01:57:58] [main/TRACE] [REI] [REIPlugin START] Reloading Section: "start-reload/ItemComparatorRegistryImpl/"
[01:57:58] [main/TRACE] [REI] [REIPlugin START] Reloading Section: "start-reload/ItemComparatorRegistryImpl/" done in 71.33 μs
[01:57:58] [main/TRACE] [REI] [REIPlugin START] Reloading Section: "start-reload/FluidComparatorRegistryImpl/"
[01:57:58] [main/TRACE] [REI] [REIPlugin START] Reloading Section: "start-reload/FluidComparatorRegistryImpl/" done in 55.96 μs
[01:57:58] [main/TRACE] [REI] [REIPlugin START] Reloading Section: "start-reload/DisplaySerializerRegistryImpl/"
[01:57:58] [main/TRACE] [REI] [REIPlugin START] Reloading Section: "start-reload/DisplaySerializerRegistryImpl/" done in 51.58 μs
[01:57:58] [main/TRACE] [REI] [REIPlugin START] Reloading Section: "start-reload/FluidSupportProviderImpl/"
[01:57:58] [main/TRACE] [REI] [REIPlugin START] Reloading Section: "start-reload/FluidSupportProviderImpl/" done in 70.79 μs
[01:57:58] [main/TRACE] [REI] [REIPlugin START] Reloading Section: "start-reload/" done in 1.157 ms
[01:57:58] [main/DEBUG] [REI] ========================================
[01:57:58] [main/DEBUG] [REI] REIPlugin started main-reload for START.
[01:57:58] [main/DEBUG] [REI] ========================================
[01:57:58] [main/TRACE] [REI] [REIPlugin START] Reloading Section: "reloadable-plugin/EntryTypeRegistryImpl/"
[01:57:58] [main/TRACE] [REI] [REIPlugin START] Reloading Section: "reloadable-plugin/EntryTypeRegistryImpl/DefaultPluginImpl of DefaultPluginImpl [roughlyenoughitems]/"
[01:57:58] [main/TRACE] [REI] [REIPlugin START] Reloading Section: "reloadable-plugin/EntryTypeRegistryImpl/DefaultPluginImpl of DefaultPluginImpl [roughlyenoughitems]/" done in 245.9 μs
[01:57:58] [main/TRACE] [REI] [REIPlugin START] Reloading Section: "reloadable-plugin/EntryTypeRegistryImpl/DefaultRuntimePlugin of DefaultRuntimePlugin [roughlyenoughitems]/"
[01:57:58] [main/TRACE] [REI] [REIPlugin START] Reloading Section: "reloadable-plugin/EntryTypeRegistryImpl/DefaultRuntimePlugin of DefaultRuntimePlugin [roughlyenoughitems]/" done in 7.839 ms
[01:57:58] [main/TRACE] [REI] [REIPlugin START] Reloading Section: "reloadable-plugin/EntryTypeRegistryImpl/" done in 8.788 ms
[01:57:58] [main/TRACE] [REI] [REIPlugin START] Reloading Section: "reloadable-plugin/EntrySettingsAdapterRegistryImpl/"
[01:57:58] [main/TRACE] [REI] [REIPlugin START] Reloading Section: "reloadable-plugin/EntrySettingsAdapterRegistryImpl/DefaultPluginImpl of DefaultPluginImpl [roughlyenoughitems]/"
[01:57:58] [main/TRACE] [REI] [REIPlugin START] Reloading Section: "reloadable-plugin/EntrySettingsAdapterRegistryImpl/DefaultPluginImpl of DefaultPluginImpl [roughlyenoughitems]/" done in 49.41 μs
[01:57:58] [main/TRACE] [REI] [REIPlugin START] Reloading Section: "reloadable-plugin/EntrySettingsAdapterRegistryImpl/DefaultRuntimePlugin of DefaultRuntimePlugin [roughlyenoughitems]/"
[01:57:58] [main/TRACE] [REI] [REIPlugin START] Reloading Section: "reloadable-plugin/EntrySettingsAdapterRegistryImpl/DefaultRuntimePlugin of DefaultRuntimePlugin [roughlyenoughitems]/" done in 48.25 μs
[01:57:58] [main/TRACE] [REI] [REIPlugin START] Reloading Section: "reloadable-plugin/EntrySettingsAdapterRegistryImpl/" done in 341.3 μs
[01:57:58] [main/TRACE] [REI] [REIPlugin START] Reloading Section: "reloadable-plugin/RecipeManagerContextImpl/"
[01:57:58] [main/TRACE] [REI] [REIPlugin START] Reloading Section: "reloadable-plugin/RecipeManagerContextImpl/DefaultPluginImpl of DefaultPluginImpl [roughlyenoughitems]/"
[01:57:58] [main/TRACE] [REI] [REIPlugin START] Reloading Section: "reloadable-plugin/RecipeManagerContextImpl/DefaultPluginImpl of DefaultPluginImpl [roughlyenoughitems]/" done in 52.39 μs
[01:57:58] [main/TRACE] [REI] [REIPlugin START] Reloading Section: "reloadable-plugin/RecipeManagerContextImpl/DefaultRuntimePlugin of DefaultRuntimePlugin [roughlyenoughitems]/"
[01:57:58] [main/TRACE] [REI] [REIPlugin START] Reloading Section: "reloadable-plugin/RecipeManagerContextImpl/DefaultRuntimePlugin of DefaultRuntimePlugin [roughlyenoughitems]/" done in 53.58 μs
[01:57:58] [main/TRACE] [REI] [REIPlugin START] Reloading Section: "reloadable-plugin/RecipeManagerContextImpl/" done in 346.6 μs
[01:57:58] [main/TRACE] [REI] [REIPlugin START] Reloading Section: "reloadable-plugin/ItemComparatorRegistryImpl/"
[01:57:58] [main/TRACE] [REI] [REIPlugin START] Reloading Section: "reloadable-plugin/ItemComparatorRegistryImpl/DefaultPluginImpl of DefaultPluginImpl [roughlyenoughitems]/"
[01:57:58] [main/TRACE] [REI] [REIPlugin START] Reloading Section: "reloadable-plugin/ItemComparatorRegistryImpl/DefaultPluginImpl of DefaultPluginImpl [roughlyenoughitems]/" done in 1.015 ms
[01:57:58] [main/TRACE] [REI] [REIPlugin START] Reloading Section: "reloadable-plugin/ItemComparatorRegistryImpl/DefaultRuntimePlugin of DefaultRuntimePlugin [roughlyenoughitems]/"
[01:57:58] [main/TRACE] [REI] [REIPlugin START] Reloading Section: "reloadable-plugin/ItemComparatorRegistryImpl/DefaultRuntimePlugin of DefaultRuntimePlugin [roughlyenoughitems]/" done in 54.65 μs
[01:57:58] [main/TRACE] [REI] [REIPlugin START] Reloading Section: "reloadable-plugin/ItemComparatorRegistryImpl/" done in 1.324 ms
[01:57:58] [main/TRACE] [REI] [REIPlugin START] Reloading Section: "reloadable-plugin/FluidComparatorRegistryImpl/"
[01:57:58] [main/TRACE] [REI] [REIPlugin START] Reloading Section: "reloadable-plugin/FluidComparatorRegistryImpl/DefaultPluginImpl of DefaultPluginImpl [roughlyenoughitems]/"
[01:57:58] [main/TRACE] [REI] [REIPlugin START] Reloading Section: "reloadable-plugin/FluidComparatorRegistryImpl/DefaultPluginImpl of DefaultPluginImpl [roughlyenoughitems]/" done in 57.15 μs
[01:57:58] [main/TRACE] [REI] [REIPlugin START] Reloading Section: "reloadable-plugin/FluidComparatorRegistryImpl/DefaultRuntimePlugin of DefaultRuntimePlugin [roughlyenoughitems]/"
[01:57:58] [main/TRACE] [REI] [REIPlugin START] Reloading Section: "reloadable-plugin/FluidComparatorRegistryImpl/DefaultRuntimePlugin of DefaultRuntimePlugin [roughlyenoughitems]/" done in 50.78 μs
[01:57:58] [main/TRACE] [REI] [REIPlugin START] Reloading Section: "reloadable-plugin/FluidComparatorRegistryImpl/" done in 341.6 μs
[01:57:58] [main/TRACE] [REI] [REIPlugin START] Reloading Section: "reloadable-plugin/DisplaySerializerRegistryImpl/"
[01:57:58] [main/TRACE] [REI] [REIPlugin START] Reloading Section: "reloadable-plugin/DisplaySerializerRegistryImpl/DefaultPluginImpl of DefaultPluginImpl [roughlyenoughitems]/"
[01:57:58] [main/TRACE] [REI] [REIPlugin START] Reloading Section: "reloadable-plugin/DisplaySerializerRegistryImpl/DefaultPluginImpl of DefaultPluginImpl [roughlyenoughitems]/" done in 49.89 μs
[01:57:58] [main/TRACE] [REI] [REIPlugin START] Reloading Section: "reloadable-plugin/DisplaySerializerRegistryImpl/DefaultRuntimePlugin of DefaultRuntimePlugin [roughlyenoughitems]/"
[01:57:58] [main/TRACE] [REI] [REIPlugin START] Reloading Section: "reloadable-plugin/DisplaySerializerRegistryImpl/DefaultRuntimePlugin of DefaultRuntimePlugin [roughlyenoughitems]/" done in 49.38 μs
[01:57:58] [main/TRACE] [REI] [REIPlugin START] Reloading Section: "reloadable-plugin/DisplaySerializerRegistryImpl/" done in 349.5 μs
[01:57:58] [main/TRACE] [REI] [REIPlugin START] Reloading Section: "reloadable-plugin/FluidSupportProviderImpl/"
[01:57:58] [main/TRACE] [REI] [REIPlugin START] Reloading Section: "reloadable-plugin/FluidSupportProviderImpl/DefaultPluginImpl of DefaultPluginImpl [roughlyenoughitems]/"
[01:57:58] [main/TRACE] [REI] [REIPlugin START] Reloading Section: "reloadable-plugin/FluidSupportProviderImpl/DefaultPluginImpl of DefaultPluginImpl [roughlyenoughitems]/" done in 504.5 μs
[01:57:58] [main/TRACE] [REI] [REIPlugin START] Reloading Section: "reloadable-plugin/FluidSupportProviderImpl/DefaultRuntimePlugin of DefaultRuntimePlugin [roughlyenoughitems]/"
[01:57:58] [main/TRACE] [REI] [REIPlugin START] Reloading Section: "reloadable-plugin/FluidSupportProviderImpl/DefaultRuntimePlugin of DefaultRuntimePlugin [roughlyenoughitems]/" done in 59.88 μs
[01:57:58] [main/TRACE] [REI] [REIPlugin START] Reloading Section: "reloadable-plugin/FluidSupportProviderImpl/" done in 846.9 μs
[01:57:58] [main/DEBUG] [REI] ========================================
[01:57:58] [main/DEBUG] [REI] REIPlugin ending main-reload for START.
[01:57:58] [main/DEBUG] [REI] ========================================
[01:57:58] [main/TRACE] [REI] [REIPlugin START] Reloading Section: "end-reload/"
[01:57:58] [main/TRACE] [REI] [REIPlugin START] Reloading Section: "end-reload/EntryTypeRegistryImpl/"
[01:57:58] [main/TRACE] [REI] [REIPlugin START] Reloading Section: "end-reload/EntryTypeRegistryImpl/" done in 58.06 μs
[01:57:58] [main/TRACE] [REI] [REIPlugin START] Reloading Section: "end-reload/EntrySettingsAdapterRegistryImpl/"
[01:57:58] [main/TRACE] [REI] [REIPlugin START] Reloading Section: "end-reload/EntrySettingsAdapterRegistryImpl/" done in 47.46 μs
[01:57:58] [main/TRACE] [REI] [REIPlugin START] Reloading Section: "end-reload/RecipeManagerContextImpl/"
[01:57:58] [main/TRACE] [REI] [REIPlugin START] Reloading Section: "end-reload/RecipeManagerContextImpl/" done in 46.82 μs
[01:57:58] [main/TRACE] [REI] [REIPlugin START] Reloading Section: "end-reload/ItemComparatorRegistryImpl/"
[01:57:58] [main/TRACE] [REI] [REIPlugin START] Reloading Section: "end-reload/ItemComparatorRegistryImpl/" done in 47.99 μs
[01:57:58] [main/TRACE] [REI] [REIPlugin START] Reloading Section: "end-reload/FluidComparatorRegistryImpl/"
[01:57:58] [main/TRACE] [REI] [REIPlugin START] Reloading Section: "end-reload/FluidComparatorRegistryImpl/" done in 43.63 μs
[01:57:58] [main/TRACE] [REI] [REIPlugin START] Reloading Section: "end-reload/DisplaySerializerRegistryImpl/"
[01:57:58] [main/TRACE] [REI] [REIPlugin START] Reloading Section: "end-reload/DisplaySerializerRegistryImpl/" done in 44.08 μs
[01:57:58] [main/TRACE] [REI] [REIPlugin START] Reloading Section: "end-reload/FluidSupportProviderImpl/"
[01:57:58] [main/TRACE] [REI] [REIPlugin START] Reloading Section: "end-reload/FluidSupportProviderImpl/" done in 49.26 μs
[01:57:58] [main/TRACE] [REI] [REIPlugin START] Reloading Section: "end-reload/" done in 1.079 ms
[01:57:58] [main/DEBUG] [REI] ========================================
[01:57:58] [main/DEBUG] [REI] REIPlugin ended main-reload for START in 17.85 ms.
[01:57:58] [main/DEBUG] [REI] ========================================
[01:57:58] [main/INFO] [REI] ========================================
[01:57:58] [main/INFO] [REI] REIServerPlugin starting main-reload for START.
[01:57:58] [main/DEBUG] [REI] Reloadables (2):
[01:57:58] [main/DEBUG] [REI]  - MenuInfoRegistryImpl
[01:57:58] [main/DEBUG] [REI]  - SlotAccessorRegistryImpl
[01:57:58] [main/INFO] [REI] Plugins (2):
[01:57:58] [main/INFO] [REI]  - (-100.00) DefaultPluginImpl of DefaultPluginImpl [roughlyenoughitems]
[01:57:58] [main/INFO] [REI]  - (0.00) DefaultRuntimePlugin of DefaultRuntimePlugin [roughlyenoughitems]
[01:57:58] [main/INFO] [REI] ========================================
[01:57:58] [main/TRACE] [REI] [REIServerPlugin START] Reloading Section: "start-reload/"
[01:57:58] [main/TRACE] [REI] [REIServerPlugin START] Reloading Section: "start-reload/MenuInfoRegistryImpl/"
[01:57:58] [main/TRACE] [REI] [REIServerPlugin START] Reloading Section: "start-reload/MenuInfoRegistryImpl/" done in 45.71 μs
[01:57:58] [main/TRACE] [REI] [REIServerPlugin START] Reloading Section: "start-reload/SlotAccessorRegistryImpl/"
[01:57:58] [main/TRACE] [REI] [REIServerPlugin START] Reloading Section: "start-reload/SlotAccessorRegistryImpl/" done in 47.94 μs
[01:57:58] [main/TRACE] [REI] [REIServerPlugin START] Reloading Section: "start-reload/" done in 308.2 μs
[01:57:58] [main/DEBUG] [REI] ========================================
[01:57:58] [main/DEBUG] [REI] REIServerPlugin started main-reload for START.
[01:57:58] [main/DEBUG] [REI] ========================================
[01:57:58] [main/TRACE] [REI] [REIServerPlugin START] Reloading Section: "reloadable-plugin/MenuInfoRegistryImpl/"
[01:57:58] [main/TRACE] [REI] [REIServerPlugin START] Reloading Section: "reloadable-plugin/MenuInfoRegistryImpl/DefaultPluginImpl of DefaultPluginImpl [roughlyenoughitems]/"
[01:57:58] [main/TRACE] [REI] [REIServerPlugin START] Reloading Section: "reloadable-plugin/MenuInfoRegistryImpl/DefaultPluginImpl of DefaultPluginImpl [roughlyenoughitems]/" done in 53.54 μs
[01:57:58] [main/TRACE] [REI] [REIServerPlugin START] Reloading Section: "reloadable-plugin/MenuInfoRegistryImpl/DefaultRuntimePlugin of DefaultRuntimePlugin [roughlyenoughitems]/"
[01:57:58] [main/TRACE] [REI] [REIServerPlugin START] Reloading Section: "reloadable-plugin/MenuInfoRegistryImpl/DefaultRuntimePlugin of DefaultRuntimePlugin [roughlyenoughitems]/" done in 49.46 μs
[01:57:58] [main/TRACE] [REI] [REIServerPlugin START] Reloading Section: "reloadable-plugin/MenuInfoRegistryImpl/" done in 339.8 μs
[01:57:58] [main/TRACE] [REI] [REIServerPlugin START] Reloading Section: "reloadable-plugin/SlotAccessorRegistryImpl/"
[01:57:58] [main/TRACE] [REI] [REIServerPlugin START] Reloading Section: "reloadable-plugin/SlotAccessorRegistryImpl/DefaultPluginImpl of DefaultPluginImpl [roughlyenoughitems]/"
[01:57:58] [main/TRACE] [REI] [REIServerPlugin START] Reloading Section: "reloadable-plugin/SlotAccessorRegistryImpl/DefaultPluginImpl of DefaultPluginImpl [roughlyenoughitems]/" done in 52.18 μs
[01:57:58] [main/TRACE] [REI] [REIServerPlugin START] Reloading Section: "reloadable-plugin/SlotAccessorRegistryImpl/DefaultRuntimePlugin of DefaultRuntimePlugin [roughlyenoughitems]/"
[01:57:58] [main/TRACE] [REI] [REIServerPlugin START] Reloading Section: "reloadable-plugin/SlotAccessorRegistryImpl/DefaultRuntimePlugin of DefaultRuntimePlugin [roughlyenoughitems]/" done in 50.00 μs
[01:57:58] [main/TRACE] [REI] [REIServerPlugin START] Reloading Section: "reloadable-plugin/SlotAccessorRegistryImpl/" done in 341.5 μs
[01:57:58] [main/DEBUG] [REI] ========================================
[01:57:58] [main/DEBUG] [REI] REIServerPlugin ending main-reload for START.
[01:57:58] [main/DEBUG] [REI] ========================================
[01:57:58] [main/TRACE] [REI] [REIServerPlugin START] Reloading Section: "end-reload/"
[01:57:58] [main/TRACE] [REI] [REIServerPlugin START] Reloading Section: "end-reload/MenuInfoRegistryImpl/"
[01:57:58] [main/TRACE] [REI] [REIServerPlugin START] Reloading Section: "end-reload/MenuInfoRegistryImpl/" done in 42.24 μs
[01:57:58] [main/TRACE] [REI] [REIServerPlugin START] Reloading Section: "end-reload/SlotAccessorRegistryImpl/"
[01:57:58] [main/TRACE] [REI] [REIServerPlugin START] Reloading Section: "end-reload/SlotAccessorRegistryImpl/" done in 48.37 μs
[01:57:58] [main/TRACE] [REI] [REIServerPlugin START] Reloading Section: "end-reload/" done in 315.0 μs
[01:57:58] [main/DEBUG] [REI] ========================================
[01:57:58] [main/DEBUG] [REI] REIServerPlugin ended main-reload for START in 2.997 ms.
[01:57:58] [main/DEBUG] [REI] ========================================
[01:57:58] [main/DEBUG] [REI] ========================================
[01:57:58] [main/DEBUG] [REI] REIPlugin starting post-reload for START.
[01:57:58] [main/DEBUG] [REI] Reloadables (7):
[01:57:58] [main/DEBUG] [REI]  - EntryTypeRegistryImpl
[01:57:58] [main/DEBUG] [REI]  - EntrySettingsAdapterRegistryImpl
[01:57:58] [main/DEBUG] [REI]  - RecipeManagerContextImpl
[01:57:58] [main/DEBUG] [REI]  - ItemComparatorRegistryImpl
[01:57:58] [main/DEBUG] [REI]  - FluidComparatorRegistryImpl
[01:57:58] [main/DEBUG] [REI]  - DisplaySerializerRegistryImpl
[01:57:58] [main/DEBUG] [REI]  - FluidSupportProviderImpl
[01:57:58] [main/DEBUG] [REI] Plugins (2):
[01:57:58] [main/DEBUG] [REI]  - (-100.00) DefaultPluginImpl of DefaultPluginImpl [roughlyenoughitems]
[01:57:58] [main/DEBUG] [REI]  - (0.00) DefaultRuntimePlugin of DefaultRuntimePlugin [roughlyenoughitems]
[01:57:58] [main/DEBUG] [REI] ========================================
[01:57:58] [main/TRACE] [REI] [REIPlugin START] Reloading Section: "post-register/"
[01:57:58] [main/TRACE] [REI] [REIPlugin START] Reloading Section: "post-register/DefaultPluginImpl of DefaultPluginImpl [roughlyenoughitems]/"
[01:57:58] [main/TRACE] [REI] [REIPlugin START] Reloading Section: "post-register/DefaultPluginImpl of DefaultPluginImpl [roughlyenoughitems]/" done in 220.6 μs
[01:57:58] [main/TRACE] [REI] [REIPlugin START] Reloading Section: "post-register/DefaultRuntimePlugin of DefaultRuntimePlugin [roughlyenoughitems]/"
[01:57:58] [main/TRACE] [REI] [REIPlugin START] Reloading Section: "post-register/DefaultRuntimePlugin of DefaultRuntimePlugin [roughlyenoughitems]/" done in 49.24 μs
[01:57:58] [main/TRACE] [REI] [REIPlugin START] Reloading Section: "post-register/" done in 714.9 μs
[01:57:58] [main/TRACE] [REI] [REIPlugin START] Reloading Section: "post-stage/"
[01:57:58] [main/TRACE] [REI] [REIPlugin START] Reloading Section: "post-stage/EntryTypeRegistryImpl/"
[01:57:58] [main/TRACE] [REI] [REIPlugin START] Reloading Section: "post-stage/EntryTypeRegistryImpl/" done in 52.71 μs
[01:57:58] [main/TRACE] [REI] [REIPlugin START] Reloading Section: "post-stage/EntrySettingsAdapterRegistryImpl/"
[01:57:58] [main/TRACE] [REI] [REIPlugin START] Reloading Section: "post-stage/EntrySettingsAdapterRegistryImpl/" done in 43.49 μs
[01:57:58] [main/TRACE] [REI] [REIPlugin START] Reloading Section: "post-stage/RecipeManagerContextImpl/"
[01:57:58] [main/TRACE] [REI] [REIPlugin START] Reloading Section: "post-stage/RecipeManagerContextImpl/" done in 55.67 μs
[01:57:58] [main/TRACE] [REI] [REIPlugin START] Reloading Section: "post-stage/ItemComparatorRegistryImpl/"
[01:57:58] [main/TRACE] [REI] [REIPlugin START] Reloading Section: "post-stage/ItemComparatorRegistryImpl/" done in 53.69 μs
[01:57:58] [main/TRACE] [REI] [REIPlugin START] Reloading Section: "post-stage/FluidComparatorRegistryImpl/"
[01:57:58] [main/TRACE] [REI] [REIPlugin START] Reloading Section: "post-stage/FluidComparatorRegistryImpl/" done in 53.50 μs
[01:57:58] [main/TRACE] [REI] [REIPlugin START] Reloading Section: "post-stage/DisplaySerializerRegistryImpl/"
[01:57:58] [main/TRACE] [REI] [REIPlugin START] Reloading Section: "post-stage/DisplaySerializerRegistryImpl/" done in 57.17 μs
[01:57:58] [main/TRACE] [REI] [REIPlugin START] Reloading Section: "post-stage/FluidSupportProviderImpl/"
[01:57:58] [main/TRACE] [REI] [REIPlugin START] Reloading Section: "post-stage/FluidSupportProviderImpl/" done in 58.57 μs
[01:57:58] [main/TRACE] [REI] [REIPlugin START] Reloading Section: "post-stage/" done in 1.121 ms
[01:57:58] [main/DEBUG] [REI] ========================================
[01:57:58] [main/INFO] [REI] REIPlugin finished post-reload for START in 2.006 ms, totaling 34.72 ms.
[01:57:58] [main/DEBUG] [REI] ========================================
[01:57:58] [main/DEBUG] [REI] ========================================
[01:57:58] [main/DEBUG] [REI] REIServerPlugin starting post-reload for START.
[01:57:58] [main/DEBUG] [REI] Reloadables (2):
[01:57:58] [main/DEBUG] [REI]  - MenuInfoRegistryImpl
[01:57:58] [main/DEBUG] [REI]  - SlotAccessorRegistryImpl
[01:57:58] [main/DEBUG] [REI] Plugins (2):
[01:57:58] [main/DEBUG] [REI]  - (-100.00) DefaultPluginImpl of DefaultPluginImpl [roughlyenoughitems]
[01:57:58] [main/DEBUG] [REI]  - (0.00) DefaultRuntimePlugin of DefaultRuntimePlugin [roughlyenoughitems]
[01:57:58] [main/DEBUG] [REI] ========================================
[01:57:58] [main/TRACE] [REI] [REIServerPlugin START] Reloading Section: "post-register/"
[01:57:58] [main/TRACE] [REI] [REIServerPlugin START] Reloading Section: "post-register/DefaultPluginImpl of DefaultPluginImpl [roughlyenoughitems]/"
[01:57:58] [main/TRACE] [REI] [REIServerPlugin START] Reloading Section: "post-register/DefaultPluginImpl of DefaultPluginImpl [roughlyenoughitems]/" done in 58.98 μs
[01:57:58] [main/TRACE] [REI] [REIServerPlugin START] Reloading Section: "post-register/DefaultRuntimePlugin of DefaultRuntimePlugin [roughlyenoughitems]/"
[01:57:58] [main/TRACE] [REI] [REIServerPlugin START] Reloading Section: "post-register/DefaultRuntimePlugin of DefaultRuntimePlugin [roughlyenoughitems]/" done in 56.26 μs
[01:57:58] [main/TRACE] [REI] [REIServerPlugin START] Reloading Section: "post-register/" done in 365.3 μs
[01:57:58] [main/TRACE] [REI] [REIServerPlugin START] Reloading Section: "post-stage/"
[01:57:58] [main/TRACE] [REI] [REIServerPlugin START] Reloading Section: "post-stage/MenuInfoRegistryImpl/"
[01:57:58] [main/TRACE] [REI] [REIServerPlugin START] Reloading Section: "post-stage/MenuInfoRegistryImpl/" done in 107.6 μs
[01:57:58] [main/TRACE] [REI] [REIServerPlugin START] Reloading Section: "post-stage/SlotAccessorRegistryImpl/"
[01:57:58] [main/TRACE] [REI] [REIServerPlugin START] Reloading Section: "post-stage/SlotAccessorRegistryImpl/" done in 74.53 μs
[01:57:58] [main/TRACE] [REI] [REIServerPlugin START] Reloading Section: "post-stage/" done in 594.9 μs
[01:57:58] [main/DEBUG] [REI] ========================================
[01:57:58] [main/INFO] [REI] REIServerPlugin finished post-reload for START in 1.170 ms, totaling 4.823 ms.
[01:57:58] [main/DEBUG] [REI] ========================================
[01:57:58] [main/DEBUG] [REI] ========================================
[01:57:58] [main/DEBUG] [REI] REIPlugin starting pre-reload for END.
[01:57:58] [main/DEBUG] [REI] Reloadables (7):
[01:57:58] [main/DEBUG] [REI]  - EntryTypeRegistryImpl
[01:57:58] [main/DEBUG] [REI]  - EntrySettingsAdapterRegistryImpl
[01:57:58] [main/DEBUG] [REI]  - RecipeManagerContextImpl
[01:57:58] [main/DEBUG] [REI]  - ItemComparatorRegistryImpl
[01:57:58] [main/DEBUG] [REI]  - FluidComparatorRegistryImpl
[01:57:58] [main/DEBUG] [REI]  - DisplaySerializerRegistryImpl
[01:57:58] [main/DEBUG] [REI]  - FluidSupportProviderImpl
[01:57:58] [main/DEBUG] [REI] Plugins (2):
[01:57:58] [main/DEBUG] [REI]  - (-100.00) DefaultPluginImpl of DefaultPluginImpl [roughlyenoughitems]
[01:57:58] [main/DEBUG] [REI]  - (0.00) DefaultRuntimePlugin of DefaultRuntimePlugin [roughlyenoughitems]
[01:57:58] [main/DEBUG] [REI] ========================================
[01:57:58] [main/TRACE] [REI] [REIPlugin END] Reloading Section: "pre-register/"
[01:57:58] [main/TRACE] [REI] [REIPlugin END] Reloading Section: "pre-register/DefaultPluginImpl of DefaultPluginImpl [roughlyenoughitems]/"
[01:57:58] [main/TRACE] [REI] [REIPlugin END] Reloading Section: "pre-register/DefaultPluginImpl of DefaultPluginImpl [roughlyenoughitems]/" done in 95.25 μs
[01:57:58] [main/TRACE] [REI] [REIPlugin END] Reloading Section: "pre-register/DefaultRuntimePlugin of DefaultRuntimePlugin [roughlyenoughitems]/"
[01:57:58] [main/TRACE] [REI] [REIPlugin END] Reloading Section: "pre-register/DefaultRuntimePlugin of DefaultRuntimePlugin [roughlyenoughitems]/" done in 77.61 μs
[01:57:58] [main/TRACE] [REI] [REIPlugin END] Reloading Section: "pre-register/" done in 513.5 μs
[01:57:58] [main/TRACE] [REI] [REIPlugin END] Reloading Section: "pre-stage/"
[01:57:58] [main/TRACE] [REI] [REIPlugin END] Reloading Section: "pre-stage/EntryTypeRegistryImpl/"
[01:57:58] [main/TRACE] [REI] [REIPlugin END] Reloading Section: "pre-stage/EntryTypeRegistryImpl/" done in 65.07 μs
[01:57:58] [main/TRACE] [REI] [REIPlugin END] Reloading Section: "pre-stage/EntrySettingsAdapterRegistryImpl/"
[01:57:58] [main/TRACE] [REI] [REIPlugin END] Reloading Section: "pre-stage/EntrySettingsAdapterRegistryImpl/" done in 67.20 μs
[01:57:58] [main/TRACE] [REI] [REIPlugin END] Reloading Section: "pre-stage/RecipeManagerContextImpl/"
[01:57:58] [main/TRACE] [REI] [REIPlugin END] Reloading Section: "pre-stage/RecipeManagerContextImpl/" done in 69.71 μs
[01:57:58] [main/TRACE] [REI] [REIPlugin END] Reloading Section: "pre-stage/ItemComparatorRegistryImpl/"
[01:57:58] [main/TRACE] [REI] [REIPlugin END] Reloading Section: "pre-stage/ItemComparatorRegistryImpl/" done in 69.26 μs
[01:57:58] [main/TRACE] [REI] [REIPlugin END] Reloading Section: "pre-stage/FluidComparatorRegistryImpl/"
[01:57:58] [main/TRACE] [REI] [REIPlugin END] Reloading Section: "pre-stage/FluidComparatorRegistryImpl/" done in 65.94 μs
[01:57:58] [main/TRACE] [REI] [REIPlugin END] Reloading Section: "pre-stage/DisplaySerializerRegistryImpl/"
[01:57:58] [main/TRACE] [REI] [REIPlugin END] Reloading Section: "pre-stage/DisplaySerializerRegistryImpl/" done in 63.26 μs
[01:57:58] [main/TRACE] [REI] [REIPlugin END] Reloading Section: "pre-stage/FluidSupportProviderImpl/"
[01:57:58] [main/TRACE] [REI] [REIPlugin END] Reloading Section: "pre-stage/FluidSupportProviderImpl/" done in 66.73 μs
[01:57:58] [main/TRACE] [REI] [REIPlugin END] Reloading Section: "pre-stage/" done in 1.458 ms
[01:57:58] [main/DEBUG] [REI] ========================================
[01:57:58] [main/DEBUG] [REI] REIPlugin finished pre-reload for END in 2.197 ms.
[01:57:58] [main/DEBUG] [REI] ========================================
[01:57:58] [main/DEBUG] [REI] ========================================
[01:57:58] [main/DEBUG] [REI] REIServerPlugin starting pre-reload for END.
[01:57:58] [main/DEBUG] [REI] Reloadables (2):
[01:57:58] [main/DEBUG] [REI]  - MenuInfoRegistryImpl
[01:57:58] [main/DEBUG] [REI]  - SlotAccessorRegistryImpl
[01:57:58] [main/DEBUG] [REI] Plugins (2):
[01:57:58] [main/DEBUG] [REI]  - (-100.00) DefaultPluginImpl of DefaultPluginImpl [roughlyenoughitems]
[01:57:58] [main/DEBUG] [REI]  - (0.00) DefaultRuntimePlugin of DefaultRuntimePlugin [roughlyenoughitems]
[01:57:58] [main/DEBUG] [REI] ========================================
[01:57:58] [main/TRACE] [REI] [REIServerPlugin END] Reloading Section: "pre-register/"
[01:57:58] [main/TRACE] [REI] [REIServerPlugin END] Reloading Section: "pre-register/DefaultPluginImpl of DefaultPluginImpl [roughlyenoughitems]/"
[01:57:58] [main/TRACE] [REI] [REIServerPlugin END] Reloading Section: "pre-register/DefaultPluginImpl of DefaultPluginImpl [roughlyenoughitems]/" done in 93.63 μs
[01:57:58] [main/TRACE] [REI] [REIServerPlugin END] Reloading Section: "pre-register/DefaultRuntimePlugin of DefaultRuntimePlugin [roughlyenoughitems]/"
[01:57:58] [main/TRACE] [REI] [REIServerPlugin END] Reloading Section: "pre-register/DefaultRuntimePlugin of DefaultRuntimePlugin [roughlyenoughitems]/" done in 68.66 μs
[01:57:58] [main/TRACE] [REI] [REIServerPlugin END] Reloading Section: "pre-register/" done in 528.2 μs
[01:57:58] [main/TRACE] [REI] [REIServerPlugin END] Reloading Section: "pre-stage/"
[01:57:58] [main/TRACE] [REI] [REIServerPlugin END] Reloading Section: "pre-stage/MenuInfoRegistryImpl/"
[01:57:58] [main/TRACE] [REI] [REIServerPlugin END] Reloading Section: "pre-stage/MenuInfoRegistryImpl/" done in 65.22 μs
[01:57:58] [main/TRACE] [REI] [REIServerPlugin END] Reloading Section: "pre-stage/SlotAccessorRegistryImpl/"
[01:57:58] [main/TRACE] [REI] [REIServerPlugin END] Reloading Section: "pre-stage/SlotAccessorRegistryImpl/" done in 59.47 μs
[01:57:58] [main/TRACE] [REI] [REIServerPlugin END] Reloading Section: "pre-stage/" done in 415.6 μs
[01:57:58] [main/DEBUG] [REI] ========================================
[01:57:58] [main/DEBUG] [REI] REIServerPlugin finished pre-reload for END in 1.182 ms.
[01:57:58] [main/DEBUG] [REI] ========================================
[01:57:58] [main/INFO] [REI] ========================================
[01:57:58] [main/INFO] [REI] REIPlugin starting main-reload for END.
[01:57:58] [main/DEBUG] [REI] Reloadables (7):
[01:57:58] [main/DEBUG] [REI]  - EntryTypeRegistryImpl
[01:57:58] [main/DEBUG] [REI]  - EntrySettingsAdapterRegistryImpl
[01:57:58] [main/DEBUG] [REI]  - RecipeManagerContextImpl
[01:57:58] [main/DEBUG] [REI]  - ItemComparatorRegistryImpl
[01:57:58] [main/DEBUG] [REI]  - FluidComparatorRegistryImpl
[01:57:58] [main/DEBUG] [REI]  - DisplaySerializerRegistryImpl
[01:57:58] [main/DEBUG] [REI]  - FluidSupportProviderImpl
[01:57:58] [main/INFO] [REI] Plugins (2):
[01:57:58] [main/INFO] [REI]  - (-100.00) DefaultPluginImpl of DefaultPluginImpl [roughlyenoughitems]
[01:57:58] [main/INFO] [REI]  - (0.00) DefaultRuntimePlugin of DefaultRuntimePlugin [roughlyenoughitems]
[01:57:58] [main/INFO] [REI] ========================================
[01:57:58] [main/TRACE] [REI] [REIPlugin END] Reloading Section: "start-reload/"
[01:57:58] [main/TRACE] [REI] [REIPlugin END] Reloading Section: "start-reload/EntryTypeRegistryImpl/"
[01:57:58] [main/TRACE] [REI] [REIPlugin END] Reloading Section: "start-reload/EntryTypeRegistryImpl/" done in 68.92 μs
[01:57:58] [main/TRACE] [REI] [REIPlugin END] Reloading Section: "start-reload/EntrySettingsAdapterRegistryImpl/"
[01:57:58] [main/TRACE] [REI] [REIPlugin END] Reloading Section: "start-reload/EntrySettingsAdapterRegistryImpl/" done in 115.5 μs
[01:57:58] [main/TRACE] [REI] [REIPlugin END] Reloading Section: "start-reload/RecipeManagerContextImpl/"
[01:57:58] [main/TRACE] [REI] [REIPlugin END] Reloading Section: "start-reload/RecipeManagerContextImpl/" done in 66.08 μs
[01:57:58] [main/TRACE] [REI] [REIPlugin END] Reloading Section: "start-reload/ItemComparatorRegistryImpl/"
[01:57:58] [main/TRACE] [REI] [REIPlugin END] Reloading Section: "start-reload/ItemComparatorRegistryImpl/" done in 65.00 μs
[01:57:58] [main/TRACE] [REI] [REIPlugin END] Reloading Section: "start-reload/FluidComparatorRegistryImpl/"
[01:57:58] [main/TRACE] [REI] [REIPlugin END] Reloading Section: "start-reload/FluidComparatorRegistryImpl/" done in 99.94 μs
[01:57:58] [main/TRACE] [REI] [REIPlugin END] Reloading Section: "start-reload/DisplaySerializerRegistryImpl/"
[01:57:58] [main/TRACE] [REI] [REIPlugin END] Reloading Section: "start-reload/DisplaySerializerRegistryImpl/" done in 82.77 μs
[01:57:58] [main/TRACE] [REI] [REIPlugin END] Reloading Section: "start-reload/FluidSupportProviderImpl/"
[01:57:58] [main/TRACE] [REI] [REIPlugin END] Reloading Section: "start-reload/FluidSupportProviderImpl/" done in 68.84 μs
[01:57:58] [main/TRACE] [REI] [REIPlugin END] Reloading Section: "start-reload/" done in 1.673 ms
[01:57:58] [main/DEBUG] [REI] ========================================
[01:57:58] [main/DEBUG] [REI] REIPlugin started main-reload for END.
[01:57:58] [main/DEBUG] [REI] ========================================
[01:57:58] [main/TRACE] [REI] [REIPlugin END] Reloading Section: "reloadable-plugin/EntryTypeRegistryImpl/"
[01:57:58] [main/TRACE] [REI] [REIPlugin END] Reloading Section: "reloadable-plugin/EntryTypeRegistryImpl/DefaultPluginImpl of DefaultPluginImpl [roughlyenoughitems]/"
[01:57:58] [main/TRACE] [REI] [REIPlugin END] Reloading Section: "reloadable-plugin/EntryTypeRegistryImpl/DefaultPluginImpl of DefaultPluginImpl [roughlyenoughitems]/" done in 75.83 μs
[01:57:58] [main/TRACE] [REI] [REIPlugin END] Reloading Section: "reloadable-plugin/EntryTypeRegistryImpl/DefaultRuntimePlugin of DefaultRuntimePlugin [roughlyenoughitems]/"
[01:57:58] [main/TRACE] [REI] [REIPlugin END] Reloading Section: "reloadable-plugin/EntryTypeRegistryImpl/DefaultRuntimePlugin of DefaultRuntimePlugin [roughlyenoughitems]/" done in 69.18 μs
[01:57:58] [main/TRACE] [REI] [REIPlugin END] Reloading Section: "reloadable-plugin/EntryTypeRegistryImpl/" done in 651.1 μs
[01:57:58] [main/TRACE] [REI] [REIPlugin END] Reloading Section: "reloadable-plugin/EntrySettingsAdapterRegistryImpl/"
[01:57:58] [main/TRACE] [REI] [REIPlugin END] Reloading Section: "reloadable-plugin/EntrySettingsAdapterRegistryImpl/DefaultPluginImpl of DefaultPluginImpl [roughlyenoughitems]/"
[01:57:58] [main/TRACE] [REI] [REIPlugin END] Reloading Section: "reloadable-plugin/EntrySettingsAdapterRegistryImpl/DefaultPluginImpl of DefaultPluginImpl [roughlyenoughitems]/" done in 72.19 μs
[01:57:58] [main/TRACE] [REI] [REIPlugin END] Reloading Section: "reloadable-plugin/EntrySettingsAdapterRegistryImpl/DefaultRuntimePlugin of DefaultRuntimePlugin [roughlyenoughitems]/"
[01:57:58] [main/TRACE] [REI] [REIPlugin END] Reloading Section: "reloadable-plugin/EntrySettingsAdapterRegistryImpl/DefaultRuntimePlugin of DefaultRuntimePlugin [roughlyenoughitems]/" done in 66.50 μs
[01:57:58] [main/TRACE] [REI] [REIPlugin END] Reloading Section: "reloadable-plugin/EntrySettingsAdapterRegistryImpl/" done in 450.3 μs
[01:57:58] [main/TRACE] [REI] [REIPlugin END] Reloading Section: "reloadable-plugin/RecipeManagerContextImpl/"
[01:57:58] [main/TRACE] [REI] [REIPlugin END] Reloading Section: "reloadable-plugin/RecipeManagerContextImpl/DefaultPluginImpl of DefaultPluginImpl [roughlyenoughitems]/"
[01:57:58] [main/TRACE] [REI] [REIPlugin END] Reloading Section: "reloadable-plugin/RecipeManagerContextImpl/DefaultPluginImpl of DefaultPluginImpl [roughlyenoughitems]/" done in 61.91 μs
[01:57:58] [main/TRACE] [REI] [REIPlugin END] Reloading Section: "reloadable-plugin/RecipeManagerContextImpl/DefaultRuntimePlugin of DefaultRuntimePlugin [roughlyenoughitems]/"
[01:57:58] [main/TRACE] [REI] [REIPlugin END] Reloading Section: "reloadable-plugin/RecipeManagerContextImpl/DefaultRuntimePlugin of DefaultRuntimePlugin [roughlyenoughitems]/" done in 61.52 μs
[01:57:58] [main/TRACE] [REI] [REIPlugin END] Reloading Section: "reloadable-plugin/RecipeManagerContextImpl/" done in 409.4 μs
[01:57:58] [main/TRACE] [REI] [REIPlugin END] Reloading Section: "reloadable-plugin/ItemComparatorRegistryImpl/"
[01:57:58] [main/TRACE] [REI] [REIPlugin END] Reloading Section: "reloadable-plugin/ItemComparatorRegistryImpl/DefaultPluginImpl of DefaultPluginImpl [roughlyenoughitems]/"
[01:57:58] [main/TRACE] [REI] [REIPlugin END] Reloading Section: "reloadable-plugin/ItemComparatorRegistryImpl/DefaultPluginImpl of DefaultPluginImpl [roughlyenoughitems]/" done in 61.51 μs
[01:57:58] [main/TRACE] [REI] [REIPlugin END] Reloading Section: "reloadable-plugin/ItemComparatorRegistryImpl/DefaultRuntimePlugin of DefaultRuntimePlugin [roughlyenoughitems]/"
[01:57:58] [main/TRACE] [REI] [REIPlugin END] Reloading Section: "reloadable-plugin/ItemComparatorRegistryImpl/DefaultRuntimePlugin of DefaultRuntimePlugin [roughlyenoughitems]/" done in 60.13 μs
[01:57:58] [main/TRACE] [REI] [REIPlugin END] Reloading Section: "reloadable-plugin/ItemComparatorRegistryImpl/" done in 438.3 μs
[01:57:58] [main/TRACE] [REI] [REIPlugin END] Reloading Section: "reloadable-plugin/FluidComparatorRegistryImpl/"
[01:57:58] [main/TRACE] [REI] [REIPlugin END] Reloading Section: "reloadable-plugin/FluidComparatorRegistryImpl/DefaultPluginImpl of DefaultPluginImpl [roughlyenoughitems]/"
[01:57:58] [main/TRACE] [REI] [REIPlugin END] Reloading Section: "reloadable-plugin/FluidComparatorRegistryImpl/DefaultPluginImpl of DefaultPluginImpl [roughlyenoughitems]/" done in 61.98 μs
[01:57:58] [main/TRACE] [REI] [REIPlugin END] Reloading Section: "reloadable-plugin/FluidComparatorRegistryImpl/DefaultRuntimePlugin of DefaultRuntimePlugin [roughlyenoughitems]/"
[01:57:58] [main/TRACE] [REI] [REIPlugin END] Reloading Section: "reloadable-plugin/FluidComparatorRegistryImpl/DefaultRuntimePlugin of DefaultRuntimePlugin [roughlyenoughitems]/" done in 61.17 μs
[01:57:58] [main/TRACE] [REI] [REIPlugin END] Reloading Section: "reloadable-plugin/FluidComparatorRegistryImpl/" done in 432.0 μs
[01:57:58] [main/TRACE] [REI] [REIPlugin END] Reloading Section: "reloadable-plugin/DisplaySerializerRegistryImpl/"
[01:57:58] [main/TRACE] [REI] [REIPlugin END] Reloading Section: "reloadable-plugin/DisplaySerializerRegistryImpl/DefaultPluginImpl of DefaultPluginImpl [roughlyenoughitems]/"
[01:57:58] [main/TRACE] [REI] [REIPlugin END] Reloading Section: "reloadable-plugin/DisplaySerializerRegistryImpl/DefaultPluginImpl of DefaultPluginImpl [roughlyenoughitems]/" done in 25.16 ms
[01:57:58] [main/TRACE] [REI] [REIPlugin END] Reloading Section: "reloadable-plugin/DisplaySerializerRegistryImpl/DefaultRuntimePlugin of DefaultRuntimePlugin [roughlyenoughitems]/"
[01:57:58] [main/TRACE] [REI] [REIPlugin END] Reloading Section: "reloadable-plugin/DisplaySerializerRegistryImpl/DefaultRuntimePlugin of DefaultRuntimePlugin [roughlyenoughitems]/" done in 96.24 μs
[01:57:58] [main/TRACE] [REI] [REIPlugin END] Reloading Section: "reloadable-plugin/DisplaySerializerRegistryImpl/" done in 25.76 ms
[01:57:58] [main/TRACE] [REI] [REIPlugin END] Reloading Section: "reloadable-plugin/FluidSupportProviderImpl/"
[01:57:58] [main/TRACE] [REI] [REIPlugin END] Reloading Section: "reloadable-plugin/FluidSupportProviderImpl/DefaultPluginImpl of DefaultPluginImpl [roughlyenoughitems]/"
[01:57:58] [main/TRACE] [REI] [REIPlugin END] Reloading Section: "reloadable-plugin/FluidSupportProviderImpl/DefaultPluginImpl of DefaultPluginImpl [roughlyenoughitems]/" done in 63.11 μs
[01:57:58] [main/TRACE] [REI] [REIPlugin END] Reloading Section: "reloadable-plugin/FluidSupportProviderImpl/DefaultRuntimePlugin of DefaultRuntimePlugin [roughlyenoughitems]/"
[01:57:58] [main/TRACE] [REI] [REIPlugin END] Reloading Section: "reloadable-plugin/FluidSupportProviderImpl/DefaultRuntimePlugin of DefaultRuntimePlugin [roughlyenoughitems]/" done in 111.7 μs
[01:57:58] [main/TRACE] [REI] [REIPlugin END] Reloading Section: "reloadable-plugin/FluidSupportProviderImpl/" done in 540.3 μs
[01:57:58] [main/DEBUG] [REI] ========================================
[01:57:58] [main/DEBUG] [REI] REIPlugin ending main-reload for END.
[01:57:58] [main/DEBUG] [REI] ========================================
[01:57:58] [main/TRACE] [REI] [REIPlugin END] Reloading Section: "end-reload/"
[01:57:58] [main/TRACE] [REI] [REIPlugin END] Reloading Section: "end-reload/EntryTypeRegistryImpl/"
[01:57:58] [main/TRACE] [REI] [REIPlugin END] Reloading Section: "end-reload/EntryTypeRegistryImpl/" done in 44.07 μs
[01:57:58] [main/TRACE] [REI] [REIPlugin END] Reloading Section: "end-reload/EntrySettingsAdapterRegistryImpl/"
[01:57:58] [main/TRACE] [REI] [REIPlugin END] Reloading Section: "end-reload/EntrySettingsAdapterRegistryImpl/" done in 41.77 μs
[01:57:58] [main/TRACE] [REI] [REIPlugin END] Reloading Section: "end-reload/RecipeManagerContextImpl/"
[01:57:58] [main/TRACE] [REI] [REIPlugin END] Reloading Section: "end-reload/RecipeManagerContextImpl/" done in 39.71 μs
[01:57:58] [main/TRACE] [REI] [REIPlugin END] Reloading Section: "end-reload/ItemComparatorRegistryImpl/"
[01:57:58] [main/TRACE] [REI] [REIPlugin END] Reloading Section: "end-reload/ItemComparatorRegistryImpl/" done in 38.47 μs
[01:57:58] [main/TRACE] [REI] [REIPlugin END] Reloading Section: "end-reload/FluidComparatorRegistryImpl/"
[01:57:58] [main/TRACE] [REI] [REIPlugin END] Reloading Section: "end-reload/FluidComparatorRegistryImpl/" done in 41.84 μs
[01:57:58] [main/TRACE] [REI] [REIPlugin END] Reloading Section: "end-reload/DisplaySerializerRegistryImpl/"
[01:57:58] [main/TRACE] [REI] [REIPlugin END] Reloading Section: "end-reload/DisplaySerializerRegistryImpl/" done in 40.86 μs
[01:57:58] [main/TRACE] [REI] [REIPlugin END] Reloading Section: "end-reload/FluidSupportProviderImpl/"
[01:57:58] [main/TRACE] [REI] [REIPlugin END] Reloading Section: "end-reload/FluidSupportProviderImpl/" done in 36.63 μs
[01:57:58] [main/TRACE] [REI] [REIPlugin END] Reloading Section: "end-reload/" done in 1.062 ms
[01:57:58] [main/DEBUG] [REI] ========================================
[01:57:58] [main/DEBUG] [REI] REIPlugin ended main-reload for END in 35.04 ms.
[01:57:58] [main/DEBUG] [REI] ========================================
[01:57:58] [main/INFO] [REI] ----------------------------------------
[01:57:58] [main/INFO] [REI] REIServerPlugin starting main-reload for END.
[01:57:58] [main/DEBUG] [REI] Reloadables (2):
[01:57:58] [main/DEBUG] [REI]  - MenuInfoRegistryImpl
[01:57:58] [main/DEBUG] [REI]  - SlotAccessorRegistryImpl
[01:57:58] [main/INFO] [REI] Plugins (2):
[01:57:58] [main/INFO] [REI]  - (-100.00) DefaultPluginImpl of DefaultPluginImpl [roughlyenoughitems]
[01:57:58] [main/INFO] [REI]  - (0.00) DefaultRuntimePlugin of DefaultRuntimePlugin [roughlyenoughitems]
[01:57:58] [main/INFO] [REI] ----------------------------------------
[01:57:58] [main/TRACE] [REI] [REIServerPlugin END] Reloading Section: "start-reload/"
[01:57:58] [main/TRACE] [REI] [REIServerPlugin END] Reloading Section: "start-reload/MenuInfoRegistryImpl/"
[01:57:58] [main/TRACE] [REI] [REIServerPlugin END] Reloading Section: "start-reload/MenuInfoRegistryImpl/" done in 77.64 μs
[01:57:58] [main/TRACE] [REI] [REIServerPlugin END] Reloading Section: "start-reload/SlotAccessorRegistryImpl/"
[01:57:58] [main/TRACE] [REI] [REIServerPlugin END] Reloading Section: "start-reload/SlotAccessorRegistryImpl/" done in 47.63 μs
[01:57:58] [main/TRACE] [REI] [REIServerPlugin END] Reloading Section: "start-reload/" done in 331.6 μs
[01:57:58] [main/DEBUG] [REI] ========================================
[01:57:58] [main/DEBUG] [REI] REIServerPlugin started main-reload for END.
[01:57:58] [main/DEBUG] [REI] ========================================
[01:57:58] [main/TRACE] [REI] [REIServerPlugin END] Reloading Section: "reloadable-plugin/MenuInfoRegistryImpl/"
[01:57:58] [main/TRACE] [REI] [REIServerPlugin END] Reloading Section: "reloadable-plugin/MenuInfoRegistryImpl/DefaultPluginImpl of DefaultPluginImpl [roughlyenoughitems]/"
[01:57:58] [main/TRACE] [REI] [REIServerPlugin END] Reloading Section: "reloadable-plugin/MenuInfoRegistryImpl/DefaultPluginImpl of DefaultPluginImpl [roughlyenoughitems]/" done in 64.18 μs
[01:57:58] [main/TRACE] [REI] [REIServerPlugin END] Reloading Section: "reloadable-plugin/MenuInfoRegistryImpl/DefaultRuntimePlugin of DefaultRuntimePlugin [roughlyenoughitems]/"
[01:57:58] [main/TRACE] [REI] [REIServerPlugin END] Reloading Section: "reloadable-plugin/MenuInfoRegistryImpl/DefaultRuntimePlugin of DefaultRuntimePlugin [roughlyenoughitems]/" done in 45.00 μs
[01:57:58] [main/TRACE] [REI] [REIServerPlugin END] Reloading Section: "reloadable-plugin/MenuInfoRegistryImpl/" done in 364.0 μs
[01:57:58] [main/TRACE] [REI] [REIServerPlugin END] Reloading Section: "reloadable-plugin/SlotAccessorRegistryImpl/"
[01:57:58] [main/TRACE] [REI] [REIServerPlugin END] Reloading Section: "reloadable-plugin/SlotAccessorRegistryImpl/DefaultPluginImpl of DefaultPluginImpl [roughlyenoughitems]/"
[01:57:58] [main/TRACE] [REI] [REIServerPlugin END] Reloading Section: "reloadable-plugin/SlotAccessorRegistryImpl/DefaultPluginImpl of DefaultPluginImpl [roughlyenoughitems]/" done in 79.79 μs
[01:57:58] [main/TRACE] [REI] [REIServerPlugin END] Reloading Section: "reloadable-plugin/SlotAccessorRegistryImpl/DefaultRuntimePlugin of DefaultRuntimePlugin [roughlyenoughitems]/"
[01:57:58] [main/DEBUG] [REI] Added slot accessor serializer: me.shedaniel.rei.plugin.common.runtime.DefaultRuntimePlugin$1@3528f9d [roughlyenoughitems:vanilla]
[01:57:58] [main/DEBUG] [REI] Added slot accessor serializer: me.shedaniel.rei.plugin.common.runtime.DefaultRuntimePlugin$2@488ecbab [roughlyenoughitems:player]
[01:57:58] [main/TRACE] [REI] [REIServerPlugin END] Reloading Section: "reloadable-plugin/SlotAccessorRegistryImpl/DefaultRuntimePlugin of DefaultRuntimePlugin [roughlyenoughitems]/" done in 2.367 ms
[01:57:58] [main/TRACE] [REI] [REIServerPlugin END] Reloading Section: "reloadable-plugin/SlotAccessorRegistryImpl/" done in 2.956 ms
[01:57:58] [main/DEBUG] [REI] ========================================
[01:57:58] [main/DEBUG] [REI] REIServerPlugin ending main-reload for END.
[01:57:58] [main/DEBUG] [REI] ========================================
[01:57:58] [main/TRACE] [REI] [REIServerPlugin END] Reloading Section: "end-reload/"
[01:57:58] [main/TRACE] [REI] [REIServerPlugin END] Reloading Section: "end-reload/MenuInfoRegistryImpl/"
[01:57:58] [main/DEBUG] [REI] Registered 0 menu infos
[01:57:58] [main/TRACE] [REI] [REIServerPlugin END] Reloading Section: "end-reload/MenuInfoRegistryImpl/" done in 156.3 μs
[01:57:58] [main/TRACE] [REI] [REIServerPlugin END] Reloading Section: "end-reload/SlotAccessorRegistryImpl/"
[01:57:58] [main/DEBUG] [REI] Registered 2 slot accessor serializers
[01:57:58] [main/TRACE] [REI] [REIServerPlugin END] Reloading Section: "end-reload/SlotAccessorRegistryImpl/" done in 135.9 μs
[01:57:58] [main/TRACE] [REI] [REIServerPlugin END] Reloading Section: "end-reload/" done in 568.6 μs
[01:57:58] [main/DEBUG] [REI] ========================================
[01:57:58] [main/DEBUG] [REI] REIServerPlugin ended main-reload for END in 6.375 ms.
[01:57:58] [main/DEBUG] [REI] ========================================
[01:57:58] [main/DEBUG] [REI] ========================================
[01:57:58] [main/DEBUG] [REI] REIPlugin starting post-reload for END.
[01:57:58] [main/DEBUG] [REI] Reloadables (7):
[01:57:58] [main/DEBUG] [REI]  - EntryTypeRegistryImpl
[01:57:58] [main/DEBUG] [REI]  - EntrySettingsAdapterRegistryImpl
[01:57:58] [main/DEBUG] [REI]  - RecipeManagerContextImpl
[01:57:58] [main/DEBUG] [REI]  - ItemComparatorRegistryImpl
[01:57:58] [main/DEBUG] [REI]  - FluidComparatorRegistryImpl
[01:57:58] [main/DEBUG] [REI]  - DisplaySerializerRegistryImpl
[01:57:58] [main/DEBUG] [REI]  - FluidSupportProviderImpl
[01:57:58] [main/DEBUG] [REI] Plugins (2):
[01:57:58] [main/DEBUG] [REI]  - (-100.00) DefaultPluginImpl of DefaultPluginImpl [roughlyenoughitems]
[01:57:58] [main/DEBUG] [REI]  - (0.00) DefaultRuntimePlugin of DefaultRuntimePlugin [roughlyenoughitems]
[01:57:58] [main/DEBUG] [REI] ========================================
[01:57:58] [main/TRACE] [REI] [REIPlugin END] Reloading Section: "post-register/"
[01:57:58] [main/TRACE] [REI] [REIPlugin END] Reloading Section: "post-register/DefaultPluginImpl of DefaultPluginImpl [roughlyenoughitems]/"
[01:57:58] [main/TRACE] [REI] [REIPlugin END] Reloading Section: "post-register/DefaultPluginImpl of DefaultPluginImpl [roughlyenoughitems]/" done in 65.76 μs
[01:57:58] [main/TRACE] [REI] [REIPlugin END] Reloading Section: "post-register/DefaultRuntimePlugin of DefaultRuntimePlugin [roughlyenoughitems]/"
[01:57:58] [main/TRACE] [REI] [REIPlugin END] Reloading Section: "post-register/DefaultRuntimePlugin of DefaultRuntimePlugin [roughlyenoughitems]/" done in 61.56 μs
[01:57:58] [main/TRACE] [REI] [REIPlugin END] Reloading Section: "post-register/" done in 408.8 μs
[01:57:58] [main/TRACE] [REI] [REIPlugin END] Reloading Section: "post-stage/"
[01:57:58] [main/TRACE] [REI] [REIPlugin END] Reloading Section: "post-stage/EntryTypeRegistryImpl/"
[01:57:58] [main/TRACE] [REI] [REIPlugin END] Reloading Section: "post-stage/EntryTypeRegistryImpl/" done in 97.26 μs
[01:57:58] [main/TRACE] [REI] [REIPlugin END] Reloading Section: "post-stage/EntrySettingsAdapterRegistryImpl/"
[01:57:58] [main/TRACE] [REI] [REIPlugin END] Reloading Section: "post-stage/EntrySettingsAdapterRegistryImpl/" done in 34.37 μs
[01:57:58] [main/TRACE] [REI] [REIPlugin END] Reloading Section: "post-stage/RecipeManagerContextImpl/"
[01:57:58] [main/TRACE] [REI] [REIPlugin END] Reloading Section: "post-stage/RecipeManagerContextImpl/" done in 34.72 μs
[01:57:58] [main/TRACE] [REI] [REIPlugin END] Reloading Section: "post-stage/ItemComparatorRegistryImpl/"
[01:57:58] [main/TRACE] [REI] [REIPlugin END] Reloading Section: "post-stage/ItemComparatorRegistryImpl/" done in 53.25 μs
[01:57:58] [main/TRACE] [REI] [REIPlugin END] Reloading Section: "post-stage/FluidComparatorRegistryImpl/"
[01:57:58] [main/TRACE] [REI] [REIPlugin END] Reloading Section: "post-stage/FluidComparatorRegistryImpl/" done in 70.14 μs
[01:57:58] [main/TRACE] [REI] [REIPlugin END] Reloading Section: "post-stage/DisplaySerializerRegistryImpl/"
[01:57:58] [main/TRACE] [REI] [REIPlugin END] Reloading Section: "post-stage/DisplaySerializerRegistryImpl/" done in 45.10 μs
[01:57:58] [main/TRACE] [REI] [REIPlugin END] Reloading Section: "post-stage/FluidSupportProviderImpl/"
[01:57:58] [main/TRACE] [REI] [REIPlugin END] Reloading Section: "post-stage/FluidSupportProviderImpl/" done in 43.49 μs
[01:57:58] [main/TRACE] [REI] [REIPlugin END] Reloading Section: "post-stage/" done in 1.338 ms
[01:57:58] [main/DEBUG] [REI] ========================================
[01:57:58] [main/INFO] [REI] REIPlugin finished post-reload for END in 1.934 ms, totaling 39.11 ms.
[01:57:58] [main/DEBUG] [REI] ========================================
[01:57:58] [main/DEBUG] [REI] ========================================
[01:57:58] [main/DEBUG] [REI] REIServerPlugin starting post-reload for END.
[01:57:58] [main/DEBUG] [REI] Reloadables (2):
[01:57:58] [main/DEBUG] [REI]  - MenuInfoRegistryImpl
[01:57:58] [main/DEBUG] [REI]  - SlotAccessorRegistryImpl
[01:57:58] [main/DEBUG] [REI] Plugins (2):
[01:57:58] [main/DEBUG] [REI]  - (-100.00) DefaultPluginImpl of DefaultPluginImpl [roughlyenoughitems]
[01:57:58] [main/DEBUG] [REI]  - (0.00) DefaultRuntimePlugin of DefaultRuntimePlugin [roughlyenoughitems]
[01:57:58] [main/DEBUG] [REI] ========================================
[01:57:58] [main/TRACE] [REI] [REIServerPlugin END] Reloading Section: "post-register/"
[01:57:58] [main/TRACE] [REI] [REIServerPlugin END] Reloading Section: "post-register/DefaultPluginImpl of DefaultPluginImpl [roughlyenoughitems]/"
[01:57:58] [main/TRACE] [REI] [REIServerPlugin END] Reloading Section: "post-register/DefaultPluginImpl of DefaultPluginImpl [roughlyenoughitems]/" done in 38.99 μs
[01:57:58] [main/TRACE] [REI] [REIServerPlugin END] Reloading Section: "post-register/DefaultRuntimePlugin of DefaultRuntimePlugin [roughlyenoughitems]/"
[01:57:58] [main/TRACE] [REI] [REIServerPlugin END] Reloading Section: "post-register/DefaultRuntimePlugin of DefaultRuntimePlugin [roughlyenoughitems]/" done in 35.72 μs
[01:57:58] [main/TRACE] [REI] [REIServerPlugin END] Reloading Section: "post-register/" done in 258.6 μs
[01:57:58] [main/TRACE] [REI] [REIServerPlugin END] Reloading Section: "post-stage/"
[01:57:58] [main/TRACE] [REI] [REIServerPlugin END] Reloading Section: "post-stage/MenuInfoRegistryImpl/"
[01:57:58] [main/TRACE] [REI] [REIServerPlugin END] Reloading Section: "post-stage/MenuInfoRegistryImpl/" done in 31.65 μs
[01:57:58] [main/TRACE] [REI] [REIServerPlugin END] Reloading Section: "post-stage/SlotAccessorRegistryImpl/"
[01:57:58] [main/TRACE] [REI] [REIServerPlugin END] Reloading Section: "post-stage/SlotAccessorRegistryImpl/" done in 32.47 μs
[01:57:58] [main/TRACE] [REI] [REIServerPlugin END] Reloading Section: "post-stage/" done in 233.3 μs
[01:57:58] [main/DEBUG] [REI] ========================================
[01:57:58] [main/INFO] [REI] REIServerPlugin finished post-reload for END in 638.8 μs, totaling 8.133 ms.
[01:57:58] [main/DEBUG] [REI] ========================================
